<?xml version="1.0" encoding="UTF-8"?>
<!-- Generated by org.testng.reporters.JUnitReportReporter -->
<testsuite hostname="HIBAML50141" name="com.ecom.TestClass" tests="1" failures="0" timestamp="16 Dec 2018 17:54:41 GMT" time="36.491" errors="0">
  <testcase name="searchitems" time="36.491" classname="com.ecom.TestClass"/>
</testsuite> <!-- com.ecom.TestClass -->
